4 : 4
7 : 3
16 : 9
20 : 4
33 : 13
39 : 6
56 : 17
69 : 13
90 : 21
108 : 18
125 : 17
148 : 23
166 : 18
197 : 31
215 : 18
251 : 36
268 : 17
312 : 44
331 : 19
380 : 49
390 : 10
447 : 57
462 : 15
536 : 74
549 : 13
619 : 70
636 : 17
709 : 73
731 : 22
803 : 72
836 : 33
902 : 66
952 : 50
1019 : 67
1072 : 53
1131 : 59
1184 : 53
1249 : 65
1319 : 70
1386 : 67
1453 : 67
1522 : 69
1592 : 70
1666 : 74
1745 : 79
1830 : 85
1897 : 67
1985 : 88
2063 : 78
2158 : 95
2238 : 80
2331 : 93
2419 : 88
2501 : 82
2602 : 101
2685 : 83
2810 : 125
2881 : 71
3008 : 127
3086 : 78
3215 : 129
3335 : 120
3477 : 142
3598 : 121
3738 : 140
3862 : 124
4006 : 144
4134 : 128
4248 : 114
4363 : 115
4487 : 124
4599 : 112
4733 : 134
4859 : 126
4998 : 139
5125 : 127
5257 : 132
5399 : 142
5520 : 121
5678 : 158
5804 : 126
5964 : 160
6092 : 128
6257 : 165
6388 : 131
6545 : 157
6690 : 145
6849 : 159
6985 : 136
7149 : 164
7304 : 155
7463 : 159
7635 : 172
7779 : 144
7970 : 191
8098 : 128
8295 : 197
8427 : 132
8631 : 204
8766 : 135
8972 : 206
9112 : 140
9315 : 203
9478 : 163
9678 : 200
9841 : 163
10039 : 198
10210 : 171
10415 : 205
10591 : 176
10790 : 199
10990 : 200
11181 : 191
11379 : 198
11569 : 190
11757 : 188
11950 : 193
12145 : 195
12341 : 196
12556 : 215
12761 : 205
12963 : 202
13173 : 210
13374 : 201
13586 : 212
13794 : 208
14021 : 227
14219 : 198
14457 : 238
14674 : 217
14906 : 232
15142 : 236
15348 : 206
15591 : 243
15810 : 219
16045 : 235
16265 : 220
16509 : 244
16738 : 229
16978 : 240
17224 : 246
17450 : 226
17695 : 245
17931 : 236
18173 : 242
18407 : 234
18674 : 267
18902 : 228
19182 : 280
19425 : 243
19705 : 280
19920 : 215
20212 : 292
20441 : 229
20753 : 312
20976 : 223
21279 : 303
21507 : 228
21802 : 295
22043 : 241
22326 : 283
22598 : 272
22866 : 268
23170 : 304
23429 : 259
23726 : 297
23986 : 260
24271 : 285
24551 : 280
24853 : 302
25155 : 302
25435 : 280
25725 : 290
26002 : 277
26307 : 305
26596 : 289
26934 : 338
27200 : 266
27535 : 335
27822 : 287
28172 : 350
28457 : 285
28786 : 329
29091 : 305
29382 : 291
29721 : 339
30014 : 293
30396 : 382
30652 : 256
31034 : 382
31310 : 276
31683 : 373
32048 : 365
32475 : 427
32847 : 372
33270 : 423
33638 : 368
34062 : 424
34434 : 372
34794 : 360
35100 : 306
35473 : 373
35767 : 294
36155 : 388
36484 : 329
36868 : 384
37199 : 331
37552 : 353
37928 : 376
38257 : 329
38665 : 408
38990 : 325
39404 : 414
39723 : 319
40140 : 417
40477 : 337
40874 : 397
41233 : 359
41609 : 376
41947 : 338
42342 : 395
42723 : 381
43099 : 376
43512 : 413
43862 : 350
44300 : 438
44622 : 322
45070 : 448
45397 : 327
45845 : 448
46182 : 337
46619 : 437
46970 : 351
47397 : 427
47791 : 394
48202 : 411
48598 : 396
49007 : 409
49417 : 410
49837 : 420
50236 : 399
50645 : 409
51094 : 449
51491 : 397
51930 : 439
52326 : 396
52737 : 411
53139 : 402
53554 : 415
53962 : 408
54411 : 449
54842 : 431
55260 : 418
55698 : 438
56107 : 409
56543 : 436
56961 : 418
57426 : 465
57824 : 398
58304 : 480
58740 : 436
59203 : 463
59672 : 469
60081 : 409
60558 : 477
60992 : 434
61449 : 457
61883 : 434
62354 : 471
62799 : 445
63258 : 459
63732 : 474
64167 : 435
64634 : 467
65088 : 454
65541 : 453
65991 : 450
66489 : 498
66928 : 439
67444 : 516
67911 : 467
68422 : 511
68842 : 420
69369 : 527
69812 : 443
70362 : 550
70795 : 433
71331 : 536
71770 : 439
72287 : 517
72747 : 460
73241 : 494
73752 : 511
74222 : 470
74780 : 558
75231 : 451
75772 : 541
76233 : 461
76750 : 517
77245 : 495
77779 : 534
78316 : 537
78809 : 493
79320 : 511
79804 : 484
80340 : 536
80839 : 499
81430 : 591
81895 : 465
82477 : 582
82973 : 496
83578 : 605
84068 : 490
84633 : 565
85155 : 522
85655 : 500
86232 : 577
86735 : 503
87374 : 639
87815 : 441
88452 : 637
88926 : 474
89543 : 617
90153 : 610
90865 : 712
91488 : 623
92194 : 706
92806 : 612
93510 : 704
94126 : 616
94732 : 606
95229 : 497
95851 : 622
96327 : 476
96969 : 642
97501 : 532
98130 : 629
98665 : 535
99239 : 574
99849 : 610
100386 : 537
101044 : 658
101568 : 524
102236 : 668
102746 : 510
103415 : 669
103958 : 543
104595 : 637
105168 : 573
105761 : 593
106301 : 540
106927 : 626
107534 : 607
108127 : 593
108781 : 654
109337 : 556
110022 : 685
110538 : 516
111237 : 699
111759 : 522
112451 : 692
112990 : 539
113658 : 668
114220 : 562
114871 : 651
115496 : 625
116118 : 622
116747 : 629
117367 : 620
118016 : 649
118651 : 635
119273 : 622
119892 : 619
120590 : 698
121193 : 603
121873 : 680
122475 : 602
123109 : 634
123720 : 611
124355 : 635
124975 : 620
125658 : 683
126315 : 657
126949 : 634
127615 : 666
128232 : 617
128892 : 660
129520 : 628
130223 : 703
130821 : 598
131543 : 722
132198 : 655
132892 : 694
133594 : 702
134206 : 612
134917 : 711
135566 : 649
136245 : 679
136893 : 648
137591 : 698
138252 : 661
138930 : 678
139632 : 702
140276 : 644
140965 : 689
141637 : 672
142301 : 664
142967 : 666
143696 : 729
144346 : 650
145098 : 752
145789 : 691
146531 : 742
147156 : 625
147918 : 762
148575 : 657
149363 : 788
150006 : 643
150775 : 769
151425 : 650
152164 : 739
152843 : 679
153548 : 705
154298 : 750
154970 : 672
155782 : 812
156425 : 643
157210 : 785
157872 : 662
158621 : 749
159331 : 710
160097 : 766
160869 : 772
161575 : 706
162307 : 732
162998 : 691
163765 : 767
164474 : 709
165318 : 844
165982 : 664
166811 : 829
167516 : 705
168376 : 860
169071 : 695
169872 : 801
170611 : 739
171320 : 709
172135 : 815
172848 : 713
173744 : 896
174370 : 626
175262 : 892
175934 : 672
176795 : 861
177650 : 855
178647 : 997
179521 : 874
180510 : 989
181366 : 856
182350 : 984
183210 : 860
184062 : 852
184750 : 688
185621 : 871
186279 : 658
187175 : 896
187910 : 735
188784 : 874
189523 : 739
190318 : 795
191162 : 844
191907 : 745
192815 : 908
193538 : 723
194460 : 922
195161 : 701
196082 : 921
196831 : 749
197708 : 877
198495 : 787
199305 : 810
200047 : 742
200904 : 857
201737 : 833
202547 : 810
203442 : 895
204204 : 762
205136 : 932
205846 : 710
206796 : 950
207513 : 717
208449 : 936
209190 : 741
210089 : 899
210862 : 773
211737 : 875
212593 : 856
213426 : 833
214288 : 862
215119 : 831
77792
