8qrssm9ht2gqshfx9pnfrppfzhsc
1111jxlmc7tvklrmhdp6
bp2ne46zzppg
9zfz785kjrjvtfjqt591
58kk
5b32
1d2
67276278
mvh6pptztjh13632
61bqqvrxndt
4mk5grmq1944nbvtj
25qx5zpkvfvxt58jhnpl
fpfqp737
scmlf769gjzjkj972
5tkhfnnx22
7xvbcbsvxr782
1hvhqqmrs1bgttshthg6
4bvnccbdh41fztdrpq62vvbnvpxxvgrngnfjgfk
653spgrvd
6ctlhkjmmxh245937
229mjp3txmqsxxqdbnnnbrtrcctgz7
j4dbpcjc39bhglg9
bvnltxdmsp72xzpdjdvkx8423
jlvcdrkhzh873
41818
53flcrlvqd884frmdc6chcbc
11461182
xrbtzbklqsl11
bhfhszrhzgrhsfd2372717
491
5p
2vhjpdxmcxshnhv5vs
qkkq8cxcltnn719pmhlmvsx9
4cbptmvp1
84xgm
bzsmqhkrdtdmhhjgrjsd419261
128gflhlgk79726
mbjhkh46
8cvqk68131
qhbllbnlkr3rcsmjvztgd
1884
hhc61gvkgkqs5mvs1
66bnfj
199xvrh95
896nxcjjddms8xvg65rrzpvmgnl
rpgpczdsxpjgql39
855dnthhxld68
4292sspz1
65qvrbcdr94lrkpkmxphlsb1
341
mhqjjg9699
7pvjctsgv664
75223gcvssgbvhpzcnbgt8
7k888
523rhfmklssxcptmnlr4hqc4
xndfqvgxn35
974lk97
rln63
771m1
xvtjhq766438gspmxgv
4sbqdxbmmzj651
1svvch4rvhmvncnk
mkzsftp6966
5ptnn7
94lsgsjxrrghxxsr4
1grnvgp8jthqmrfnszpfhf959mbtf
qtsd42
5mfhmskpcvqbxjzzxt4lq37kv
rbhjk1cdzjhtzkcbtvmfm
948pmrptkb
b581lxzkzvbtkkgxxs38
mxcgbjqvhd177rgp72
4xrdzzmjfmtr621
7ppqtlhv27phlrbssxb
dhbnjmxg3bsgbhml572
21mrbftgtz8qjmjctmq55
ggk2lt586dfzqbjsvj11
jtgpzjj28672
37941bqvsnmvg277
hmpnzmqs46
xzfhgzllmcbc56vpbpbbjffmgr3jrc
5lcl1
hjbvkdtmrgvp59751nlzqlkfrg
h2netgxvjdkrvjsfjjbfmcth729
689bdlssd
3861
vtb622lzrhfr1
vhdcvtj5
167nsnmgxhtvn545dcbgrhm
4315824
1581363
dvhtsccljt51
pbnfrxblk37xjcmcvhlgrghpbgdnpl8xsr351ightq
24238
25hgqfxgl8kpdknxhmk5bmmsbz
5jvj86fsqgtpvcb
13lgkbhlhhlmrbvxqqgf
klmqfgfg1g9253psn8
478
883mvdtsqppjhgjnsvng5
7mcmzvsv67
56798343
pfnb3g3fknjm45
2nqgrdcshfpjfpqdrvnq12ccpmxpxvv
x273mxbtpsvjkgr532
9pkd441zjvczkhpbj
132
pkkbphkgq5llrnvnkdxpql3
ppc62
173ptfxsbbpqqgctdjhzjsjc91
9734vvk
659542xcxqcbnrvzfbshcxxddz2
ftsfj2961hdjsrpk1lklfpltv
9hmxgkqbmhvtlvdmdtvp8tq413
frb984168ksmjstpqvzhnn
rgnrn2hvqhgxxfk144mfdr5ftgtjjv
39jbszdvdgzn4xpcxspqxnthlngkncv9ccq
3mjglxtp5cqm22272nerkl
877lmbjzprgg318
5799zdcf
cq1ight8jnrfkplv95mck18mnhszhkv4
tbvdcsjsvmxtshv3474kmxvv49
bxc61968dnqsbx
7581ncchkdk
44ck7rtjmjpccp81
52691tdczktmf9lrbn9
12928576
cvvtbm9bn861dnnfkgmnm
h733
tpnzsdm96tg56qvcqsq3
17zmbcpgtfrjvq
r8757
497644
798dpbrk42xdrgqkrkmf87
3bvqqjcldjx495
3hbl
2dndcfddkv5rmvkrfzsnq35
mhdcv6mnqlvmvxmx43ct
25dpfsrbcllh232p3zfhjx
dcfgg91121
vtbmbpgf52hdmzjzqqqc41
zg11
txrknhvhbv183
dlvscqszz82nvtpb7tktvtgjbml
2457smqfjrjcndmvcvqdfsr6
446686rbrltdzf
132ncq1
49zdfzgvzf447qkzstcq
7rx5xntgxfpmv7zmzmbjlc355
377tsh3
gnbqh9cjnhlpc5918
gjn2nenllmzgqsvq36lc454drtzlctr
3tqgbfrk
zldl3zxpfbpv8
29tgppcvqrq
71168txcnhl218
bsm3hslqcr8xslndqnnvfpzvprlkt
khvp27kkbznndpq77vlr
7scn8814qnkc
2v
23rj91v
68qhkn1btxvmqh
3btb
kcxbqzbjqt324fxdlprsxkzlmflbv8
9bmdc9cjdv7
c8wo9lkbbfxgsv9fb5n
z22
749cpkclqxtrmpdgzxg2
8dghrmgprdj88knnb8521
233684n12
6z2fkzlhvjdrxtsmlbgczf
k969bpmzjbkg9tttkhtgcklb5
7v3
41114483
88jvjggxq43zrbvbxjzm3
5lqcnqfvgp18t
5jc8qlsdrmrnbzfbjskstzrllxrdlcxpjkvf1
832
6577rhkjdhvbpdfjxpkmfdq66qqtfpfs
fv6svkbnsgtpznblnvkvk5
67468486
gsbfrjpngshpmlxf2
gbmmmvdhffbbcq3
55hxx28
snjxt21zd56klfl
szsvdz639329
1rvkhknmn634363
1btphrrvxd81kdhv8
gkphmq73lfhflk66xp52
61143gnjsdkvksjdx58
klbvb9zk4892
mr8597gqbhnspvhqcj26
hnvgkmljlpthsgjrzm766fcvtxddbnx5
ckfvkblhvv6gbsnl7ktblt293
847dnsghkfsg85xtn9
5hrdqmfjq
2jcvkkjklzm524xqgdsdgzrjl27
12nvxnxnntxc33
3n296
sprfmxlqvb9jnbzltskxppqzdscrvhpfvjjcqhxcf
6h495
414qhpjbztknqnfpxvzc
2237fgmmnsz1113
141757
19bqqklhk6gmdzddbhgzqcmxxfnmrvr
4mkpgv878ckzjjfm
vhgdmvncxn88ldbt7464
gcczfprplf7
689sx3599
2695cjxjhgjmgvttl9
mztbzjmgxnpkfrqnrbgkg4jjfjt188
63mggldkcprlz
6745
1zvmrdnpzcsqqmxscn
55tkgb8rrztmc5bknjd
7pscp5
896gfvhvlc98
79942jvxfrqmrdl3
sppcgnjz893j
5k773
2rnbhtrlnznpctrxhqtngzdtnvfb2
75463538nlrxfcjpm
qvtdcspc4zxmmhpklhcdlznqfg46lct51
1bnndtnsfjd7523k85
8596
3ltcc7trmmhbbbpj5
cmbchhhczmqlp3
nctz782dljcqvplcqg
947pnbbztpvkbgztb
z798
4ktzscmnrvddnnzsqfnfctzpdv29
nrtbgdjpm2ldcfdm5jjhx9
jq9268kjt267
lnn84zqz6lgvxn377
5glp85
94167k13
3557dhtmjhbh2
rbjhnmmgsvmtk84
vtrvvj6hnc2cvskgzt323
kx553zgtd2
25mcnngtzxsgbxmvbl
8lrlztkvh545
22jcq7qrrbddmpsb
3263bqt112
9963vlmpqbgjjqdftldpq
tgrglqfxxc2127611x
1481
5sgsnrzsms61
571tzhxdknk74
3sprt15lxg47
22739nqdvxgm
nskjpvvq89935cngkjcd3
ltfxscllxk9pjznpnmhfmrzmqbq
498647
fjtpj763
46673htbstbbpz2fj
11225433
58bgcjnlzcgqpfkn
11mcn
92vhkltdpkqzc656
8fkprfkg9xfjxspqpshlfkqpnrt
4sblrf7745
lblxmbz46187tggqllj
dhdmlx71mbbxtvhszhsvcm
61qbqglfsssx
164tsthbb2
89ldrtltq5bqnrthrm
7lsjbsklhxx5clbldxxtrdllxz368
18gnkrxfm91
64328gcn
vmknclnmnphb2czdbjmc1
8q67
8hnzslhbblr8583
3457kdzhnppqz5482
crcskvmh341
8pccnsbv8ln3
481vd
pdz939
3sg5gkrncz
6dxnslkl3xqlnm9652nexxn
9nlhmmkzsdbpdctd79c
6289793lrd
qbprlzczr873gqnrshrhc
3qlmr
312jgptkzgxmf
2svds418
564zvjtkpk
6418
55235cbs
997ztfggvfkgkzfcm2
qn65dnv73
3524
hlmtnzsmlnjxd26
96nglrctg
1crgfq5hdldpc
nhzctlx948
19djvld
tzp8zzv861
1ns956hqxfk
3362jrdvksrfsnltglggxdhbsxf
bbvtpxptrnvjqzl3rld736
2lcntfphb2lgpjbd8
521jjgkt9kl21nc
7xnmrscpfk3jqbhlrtf46rbfr1
33tqfkv125
959jlftlxrs1nxxfsqz
hrsrszgrcl9788ksdnhqsq78
543694
155
prcmx18lhkblvr7143
92btgsllktgf75jhgsg285
4mm6195589
bxjx2
1612tjx348
3dkpnpfvgt11391
bx4322sb42ndmfdpsz
117nrpxf218mx6
9mqxcrjxnp7hdjgqktxm
2rnjlg7mbxstzbdh
qm6hckz11
qzsnq66262hhgbsrqg93
487scksqtkmn57765
151ckvshqd
41tzlxs5bsckffdps
35497
55148lhqml282
456
mhnrsp4mflmvkc52cjkvxh87dtddjdcnb
vxrrlfnlqf1289612
8x122
rv8wo793
1bjlr96ldqrb24
f1lhrb6
mbbkv7ffpk
824mxqvkqfcj48plgpmrtxm3
2rtrxjzq88qtmsfnpdscpgqvxd7
9qggljvzvxl2zsvs499
9xpmnnvqsfhnprqrqlcg59mtnflvt2qlgphhb
11kbpmv1
htspdnh1xhbbh3lzcjjx1
565556
sxtbktj7
ncvkgvgb8489ttbrj3
xcgxzxbfnkxdqn738
59456221
ffgzdfhn6
4zvtfcczlxhnnx53
3dnfntx48wovql
62v897297
78cclmgknrg9mnjsrsq7fftmlqkch7
pvqnltjs2hghkrph93scngkjfcsn
62vdnbzrcrjsndqqr2
5cxhscqpgdzbrnnq1m9b
gnkclhmbj45mmxpqx2qlxv6
7xcp44dlqgpxcl
8821
bjslbfrspcnff99rvnjjrvc62
67t56hkllf566
km3
6tjt2342vqqcxj84
9vfll245
9prprrcjt38mx4
429hvsbszqr
dtdmkcsd4184xppqzkjb
xmdmghzdp97994
2bbjsdlx18
95298
684
9pdjpfmzx33dkxgttvncbr
5237946lfrlrsgzk
ghkczjt86bdk3czvhc1
cdjsd6jhnnnhzbzllqdjgpgn9vmcvbcxxlt6
1mxfsr9gfmgv914hbfnshgbpr1
3948
bxnnjqk92258txgvrbxvq
k4bftq687497
7975kxjn7444
drgttpqp7vrkxdlmvtctsc727
8298
2zsqmjskp
65bgdkhzqt
4nlknxg35vqdqmnln6f
565rqtzdpqhlldxg9718
3jf37vlkp41
4gngnqtgd675vgrrjf
25nr5
kmlbnrm5dtvqndldh
vgbzkpnltxrp5tpvb
5mbzzk397cqkngz1mm
75952
4pxk84
7874lzl91
zxllsctgqm7672
9ggkqvsrhf2bndlt
86sfzlfpztj24qvnptkgllxcf
5dvsjvtm
29dsvjrl3pvgjqncbgcxc
9mhvrb8fbtppbhm2s
89l5
jltnzpcdr815szgf3988
8xzgs4chdk4
37vgnbtqvh386q
216354jj58
175rpdmxf8wos
gmngst7hpfvgmtfrqbb
9hd2lsxprdvtqxcv55
413cjqkvgxvb78
1kqfrq7qgjttjrspd
7786zfmdbzdj2
96pfjbn3dgbhblmr
7hdqqqk16htz3
hmnxstkbzlhqjpdn332
dpbjgmnn1
95cznsbttpcvk3181zqtxb
6hlxdlpgrl76
4dhczrzd9mmmdthcngsmdqkq952fkb
7fbcrzcxjvxtqb5168
7hlrkxgrggkqgd12
vzmpvhqvkpdfm329
21cqxtj2lj6xbf3
bzzxkxtl3rhsrpnnz7
3vhdqqv23948frqsfhgsgptbbn
4883pgbcftjdbbsmcqjcrmt21
2vpfbsd425
648wofh
5185cbhgvkvpfzk1
11325
73mdjks6kctnnchjgp98
65cjfkx5
sccbfq528bhc1xmztpcftrbz
qfzhgl195459nbxhclpk
mjrvgdz396gkvznv83
mfxqslvpz82
z2ne8knnjh49
157fsmmhkbcplj67
2lfgzblvdflgxnsqfxtksbb
blmvzczjs614mtds
522
jqppjfx42
352bcrn653
8656b7
rzztlcbvt8135
1sjngcngjrsht39h95
816krhvrhxqhn65
dkrgmnlcbjdjxblbfnp5
385xrckdqtjqphjsjqflmt
5fmptvmz194mbzrttnxnk
dp2nefbqhrxtljddtkhh6423
xfvgk569
cbtfrbpxphj27mmzrpcc9
5227
52815954
zxccrkvgdqtklbnhtdtdsghc726
36vqmtchfdjxv81
19392dksvrdsxfl3
3sbp75zq2btmpgqjg1
326dgjmzz5hkhsjr7
dg383fbhbltbdj973klvx
4xkcq822
81rhlnchp17
2jcmzbczstsrmbpzxpftkmznzckhv73
746brcc626gnf
4lqx4tvxhqtlhlx7xcfxhmqzb1
27z662
91pv
95jzlkxn
1rzfnqhmtjpqff93lrctjgqh78
58rdj93
3264rcrq9dfmbsznshkfqmpvcb
53hpjznhbtj1cvfgfsk9n9
2gkbqpqn31
75fgcvtpsxjprfh89
lvfxml6992
53xmjjgkv8985zzjqdb2
83bkqdnbmrtb5
771znpx
9hjg48rcsvdkbmldjclfqfm
94214
k1ight1cdfcrjkqtc7nlvr8hbrc
73lthbv8
9xzzn659
9ntdd6qvkcl959
411pgmxz7pnj58
394pmtmlgllftnvxzn529
446897533
blztvfkqggcbshlzxppxgrxsr433
19pvlnv
8l37
brjvlvjrhb4xshh1vlclvrz2
5flqnkntnxkzhcftmzb9rlfzxlg
647771k1
6xfmdgjf84qzrncxdpmb44
428
774zrtpftdldc7fql75
6gxjzskpkfvmmd
zk1ight99jrrmgsfp651
9jbbdtdxjsm8szxblgjppx4tpnvqvtlrj
rsrlrcb32ng6459
679173grfqpncj3
1bjvpzzqhvlhg1pxkvmgqvxsrglb84ptbjs
1fch
njhs4p86n22
2116416
4phxjkj288
3svqrzd14cmlcknhv9tddpbcmbtgqpcjms
vkndzm6846jlgkcvz4
255
pkzt2522zffkjqrhg54jpsj
7mpfc3mbjgbfpkdzqlr4
4941mpldzb3
hdzddkxf1cxftflb73
zrmhdlhk2v7
25zcd
11885qcqzpvvk
38943
8ls2
126nfbrgbhdpn133
88cd82rzkzlvthqnvhjvg4
24jcbjplcnqbcrxs25
35bfkgpkglfchbmbfps
pgmvbnhskgzdmz268cjq5
cdpmrlj11
6hxq1ightjjv
34gxbjzrtg5
pvddskbslqnrfngmcjgsd33
6nkjjlknp9
hflkjhgjm8c5n1
dmk81223
5938
87mqfsjplfprrfpkzctgtdvrmxphm
phbs2fck464qvqbr
2bnvktn
sfvkgz183
23tqnthdnq32929
6hdkvdcmp5323j
86154
2654vrrbvzszk9
53671
3vklcphgkjs9484fmtffkngl3
693h4dj
111pmd3srfsssbkt8
74883
srpvkzrq5378
62dnnrvfjrjv
4kpxlslqfbk2
bvzpgrc92tqsvdz278
xkjdltjgzbjhxkjv26
527676299
jk468qgkr
4289
433dtnzbmlfhmgjr5977
447
23ps5122jps
77ghzmpdvrf59938
497ftdf95
gkl56rnvpnvvkqh8
2hvd5prrdqsp66
5m89
bnctb9x616858
xkqqlmfmrv8649939
6k
34766ck656
721
373lfddzhd1fkxmjdz672nex
sthjlrjrhd741prcsqh3rmllvjmtvg4
4dvffpjkn
tpbttcslvz72neq
429j5snfxnqz3
n7cmsfsqd
8ssrzkxj5
239
3857xx3bqrbx
zrlchv7494ktvskhjgh3h
74fdjsnhdbgqjvnltzj63
mrjsndmzkz7rszqnbhxt3fv61
n8858ggtnxtglj75kz
6vknslh412nrlzm
37zlrk61skbsdkpjf62nejtx
3284356
txgdvvdg959
zfjrs2zvtbqctcdqgrpfmqsjbd15
6989272sxxnzvbl3
2jdpslvbnpqjpglczkmzggkfkdkx8hgpxtcz
35585mnbllfpcsp29vlnbrntt
gfxndggbs162zpcsckzqcj3sthsgq6
gcjjvqkvzdbcsnmqqhnzzqvj4
flcpl3btfmbbpnkjvnlmc3218wops
bdm867tvkfh2
3645qcv1zbbh8
39thvbxxppxgqcqrclptxczgrcn825brqxl
25841
622
pcp5
dtmgxkdq6dhmsbj821
8prbxpj51ightcxj
qvrn3jbhlxjsdq
1clvhjhr5
9nkmqpjjxxhvtpndls9
215l275
381692mzhx9
ktfxkmdvzprhkpdhvxhzsc68
5685
4z1825
73224
gmjlpchdzf361vljxdqsrlxmmqs2
2fxh3
3qzcglsdcfm44
3188
77dtqhr7
4xbjlxlptj8hzfjnz
37jzgxbjcgg1
814194894
83517135
stzts59zqdvrdcqrc
6nklrjb8n26
bqdtn2918ttzlzvzfn54xmj
sjk6
qmrbnhczj62439477
kkjdcjhfh938
3ptmslnc13
cfjgdffcgvldsnvkbjqrxhxcl7fjlxdrlrr372
187176
5prnppdg2tjfbfmlvhpmkggjc
9124
5svjxkzzm59vt7hzxtkggdhr8hvjtjvv
kpxkbbx78897rbhqqpk
drhkpssxqvvnssq5944
1817
gt8wo12684
874bjnlz5czlzppnxck
jdqpx7128
pvh564hddrhfzpxfm2
5656912
v96k91153
phqhh35ksqhfjlbfg
gpsskbfhhllnxfvjspkjndtl45
35zqbnsrd38
b4mkfpkltlfd54mdqxjnb8tdpnpf3
q5jjggrpktxp1trjzc879xhdf
34cpfxc
jl9
844
439348
73vgvtj254pbq
7kjkjc
7tfsvjbsh5smmdd3fr3
smgmzqzn5
gmtd5kvglx6882thvkprlbc5
2462
95k
hbxnpb444h
66gnmnjv4411
9873
9jpvccsvhqpnhsl8
nvcn949
v237ppqbhb
786
41651ightxcm
9pjcsfbrgh9qzth4smx
46fpfptrq1mbqmbnktq8
stbxvlcqz5krd13314
48657
6bmltlrvrgpcfhjhm5qzfxptj24zvsqqxgbrdlzsfmtzdd
j8wo4738627
njxzm385vvchvjqdvn346
83t34
1znzqptpxbrtqxstkmz3kmtstds
16sfrnqd
brs7fgkbhntv5s5
2hs7m
gflj67tmgdvhq3335
f12nekdh
1173589
pfjvfsps79qgfrnmckxz694
799lrcqqcgcnmmqf3
1vjdhjtr4529278
117
3lcxlqrzhdghp4zkj5pjj
hcshggsmzpdmkvtdvdgqtfxlt8
1vdjtvpfhkh51
28stnj63
9338ntjblpljbv
1rmlmtncmj6pxkmhmqchzvzf
48fnjzfzhvg
hmjvm2vnl8984
3ts6
6925xgz63
6925
fkgblptntvhvmlv8339
786
91n7
972
43bqqnmvmql835szppmbhxrxvpxz
6bxbmbdkxqmz8lrqdqvrkr533
llqcbp81vpj9kpdvzg
6qgtdqvtvkcbcskfqtq
63grrmxxxqkflltr3
312
hqmhsxpmkx263
rpzqtmzgdfdxcg61663lxjpbxfq8
zzkbtkghmmq4rt6xxfjnvvccmpsd56
1324bxdcqzrkqtxm1mplvqxcfhcjsc
36qj82
973
dt95276zxd
lsqbvgjnz917lxtvmkmflrfcqdjmj2
zpkjlfp61vxtdtdzmcqjpr5
gxplqqsz41279js1
psvjsvvnrv796
69tfxkbkchvlhkjbrm1
5hnrvtb6
8zdlqrbzxt8ptlgmcmv23rgcddqxf22nepxh
3437xsffn8dvft
5dnmrpmvv8597zbggk
72t3hpfrzbhxlh527zvmpmq
xnsxz85zhzdcbzsvp
sfzch82ned
5rstpx
126
gqz95gpg
6zrmsp8257
249323
95mksdnmgbvx
6dvdpdpkmqpxv5286
dzvnrdk6121tr4
7fncndxbqj612663
7cnprcdgk232dvtccqnskvzf7xdrnqf
cxfcdvbsjqjbnxddlggj4tnfzvtgx42ddkkpdd
pxjgqrmdg5mpcgcdmf8825jxxqcn5
1tkhgtzzfrbdvnbft
hgx514ddcfhshfd4
1nzlhvtdgkjmjgldmddhngdv91bkt
488rzxkktk9881
478nshqhnhjrmlqbmp
ddjzzxgj75zktccgqrlt53
8mcnmt5jnmnqhqd5
rcdxshk175
rdcmbznk79
2gtbskjxpmmvdclgmfjrc481
8mqgn57chkn6r47
4hgdxjgbn1677267
mkjslkltjd59
446fkjrcfs5nrtzv48
58374
81821tcm4ddhmzvz5
169435jld
5883cmvvpqmdq72vrvb
286
nqjrpqvgqr7rjjjxglqzrmt
5kqjjvzxt
64vstjrlnv13ndphzphkrnsqmkms3p
6847
21dn2
8gmcgrnptrcvztbdp43
xxbpnnztr58pnq8
39pfpnjx6rkphpj835
7dzstsjl3krspscb1
f7fqtxxhjzv99688
kznjhnxbnk7qbxjrztltv
rk8wo6zfpvrfgqr7qxbkkg43lrjqtzjrprqttxmbrzg
mc577vgzx1hglbj
9319
4mzds
76356dvzxkndhvj5
9mjhfk888v
75zhdthbmrkdpdxfcp8njtqvpnjj14
892
95tnjldjqcrzdxlm3
4gf48
9821qbv65
jbtfg832
2zcpjrcnplnz5bdtgpdctb87lzlvqhtrjj
tr4
5484fcs
1cqjts1jgzkfm
6632
jsdpkf98zpjdmrvxkbhdntj9
pgcqr66mqrr83qxgkftbmz9vndn
kmvqsqhbrcnbqqg9t6
bxtstqzpqfzqnhjfb8htszvgqhpnggvqt
9cpqpf5hg8
kxmstxkf4qmx41
sc4lkfbrjvb25
qr88591lfvksgrtq7
4646
2qmnxrjql54pdlstnnsfkdjgt9
4zsvbsjqv97bpxvncr
xhqlhsbqjhvdqq1753qvrtbkhhlfbzsj9
68465szgzcjhpj1
7vpjq9hjtrjg1
f928
88nc8134
221spjpxlttsq688hxdfvsdx
594grrmxsxjfxk
39pmvsv763xlxjp
117lzzhjqqrg
94tqqmhrpmkxhrvlnjvvh77
33tvjpn178
24612qbvntlxbrftpjf9
8159138
369sgdkstpqbqdz
q8rzcl
1pjmchxtlqnmrcrvm6
615gjj7qgdkq
49fxhdzfntmk6tb8dpdkknzsb
bb71xvqmlrhx
2j
72zjqszlhzxlpgphnkz2464
16hgvhrb12m
498gvmrpgdxvcbdspzdcqt87bdzvxbf5
3792fzpt
3dcdlq9kcjhtmtz
865
tpfqhqs3977
841cgmm12shfl58
xlkrrkpkqjtslblqfnxp7216jzpmpkrfvdzh
243
39hkgnmrh6lqrsx5
5xsczpmltrmcgrvfc58
mxngrsh2763lgrmg
ljqmflv176
ksp1ight3299
tdsdmjznr59742jgjsdf71
851473gsqhtv
1xfdmqtmgkmjk3
rz2nelztpgkxzzcbn18ttssdp171
zthhsgvmhqsgvdp129p
293rmjjjpmjchjnbdcssfrn8vdzrkbhdln
7nfkdnt43fzrfxmxgq15
tkgrnhbflp7zltmbd18woh
7bspgfklffg64
8hcmlrpbhjjmvbjrl8gd94
6bgfjzgzbxsb4q63hbbn
9rhzjpjdfn7198
38kqzjxqmmm
jngngvc412
42sp16dpj155
414211kr2
cp6jnlhk33537
bknflgv16555
3qkhnsjqkcjmlg7gl4j33
dhlngstrvbxjjll2979kjsttsfgjkc
4kkq7rqlxcldqq2
jfh74
lkfpcdghgq8gpgldrsnzkzzzzskrvcvsj3
57553cxqj2
z2ne7vcd37122
4qrrhhlxgpr4
2kzfjg27lnvlpzxknznpsc1
4jjbcdbfm8664
5896vzvf982
8fln2mkktkpvs17861
7zltjhkptjfjbrppm858
5mfrmnqpt3p9pd5
619
vkqxgzmbm2b4pjqjddsbjnjcqqvm9
5443nfkv
l8wo5
85812vgvhzgzfjh168wohlk
5xnbhkzjfg1
chkxvgrgb1sqxsnhngnrtqsnqgjkd
96215553dv
36pfltskrbcmlmnspn
4jbbrh95249
xfzspqssd4hnmtz52pfzczh
1xzbzhddkqgfr2
79rrlv8593
87qvgkbk23858
778gtxtxkjsgdgklzzxxc328
tvfjhvtclm75skqdxsskqhrjkbg
45
7582
425zkhjhmk
1xdchhtxmh7bczrslrppn81nbnhfmbsvdcnzjx1
zfkscdbm28rksdmgx4
lns8998
4hmbhlcpht53ngkbzjm56g
3strhbj96ggczcg
92skgrps8
346xdqczgtzlzf
ldfn2
qlzjsnbz4fdq476
tpkczdh5hdbxvvmmt366
tdpxzld5
lnv8wohdkgcvvrjs38
zz88stvmhvrh7hftdhkrjcn81
9kdbcpqtx15
rbqgdbvrstg954bqq26
93psmkzkgnjbndrc97zvcr6
84jfrqcbqf9dxmdtjgqgtrg645
3mm99njjpm52
cv4znxcj3qqtdqmzxfknnp
8pjkm
p2ne3grgv77
131bgj657gpts
96xlmm38cbdnrstvpncmr
rtc94tc95
1spqnnptpdbrgqsqrldstl1
qk8wo2cjcngknkz27
gzjhzlf4fdglcrzckbrlkmg
382p94
271c
179447qkm42
66xfgqddnfpsc
mkbgbkvzdpzxfmrhdcjklx48zzpn38
959vhctbgznbzz87161ightr
311km7824
mlxqgmvj266
26gvsbmrh24
822139923
88xrrbjdlzr48plv
xdglmrpxbz5xpjxzpmvrg63773btqfkqp
lbd213
727736bpld
1ps24883dsdfr7
gnvzm19htsbvcsfmlrmbgtstzmm32qzffkrrq
94nvrbbj
171rsfbpnnbkrklmxq5
461
848chsrm6
vqxrnm698hlzdgvd379kng
123hscqzvzcbg5632zhtthr
66kzrnv
5gmnhhzkfmp
435771nvd7ftnpbcj
6zxrhcxxkppkn2
dgshxchmhgtgjk2817
lbdsmfvdsfzlp6dfpgd3
32dpsdhfld958woht
jbktdklsqkgnhnfm71lhdsbjk62
3fdq4
5jpljkkpmd6
qf8wo933
hpqdx4911tzfcxlrtccqf91
q79zspgmjpdzs63
344zk5xb3zgbffcb
nlzmjfqxmn8xqjdnjvr21
8cxtrkpvzj21xfgbdgcvgrz2
318444
sntrptk22115
qxjrgfcnpcjtnfjljqnq11hzfcql9
kflgzv58dbzbjjdvclgt7
2548wozz
85365
7nqnksvphh988
t88
bjd65
khbrbtsx5jqxmbsqtf5937skhfg6
7tlkmfhqkgxkbhqr6ncjztn5
1521
35cbpqkzb487tgmqzflsfk6
7323gfddgtf
2525xzkkvcqs3
tvvdgrnqlmk41zrcznqkh781q
923689
3zbdlttpbh75pgxmrvbzlnfgmbkzknndfqk5
3fnhxtdbl1jtx8wol
5vgthldgfmgdjphvcgh53dshmdkc
398wokh
578tddbcdsjdss
tkcgn86xfgbmzt7rksvnchnrh
53dn5
3288159
49bn1zvbm57
35166xfzfjvpz
515zchddj4dkksn
xfh2ne753pqzmrzrr435
9tzmcgp474
7bcfbpnrvkkscrjtpctdtb69bvvnvlgsmjltlvs
63v
9rlsbznvfn9
4bm2
sdxd22
n7
76cjdsx4fmvzrbvl95
3qtbhgz971
ftmkmxkd9fvvlg353rp51
9zjhmpnjv5jvndz
58359916
rmjvhrjjmkqsn6gq315mxqhrzvff1
xsslv7gpgkbzdmr4344
pnzxp4nbtsjqctkvqncxzxzj
8752549kntfjrdt
46ldsmv
pknxkqgdpnc75dbvhkn
qkpjhjlx146pfkvhlmxmd3
439rkrcvgcmbb2qm
596618
6969
bvjx5lg5vgrqq
219gnhdkcxhzkcfdksvsmd3
zjrnmhclxhrkjpffhxkthnvj83jnshbqvx
bzfphcg943gkchdvrgsx
29bvgdcfxtktqjxjqvxfgjdqfhv53gqtsfhtfxg
6rqskvckjzq2qzrnbxjml386hrs
636lxcr77692negs
2dcvcqcbpsh613
drkdbmv4zbjbznsqtj
8bqfhnmvqs19zbrzcqkz4ftv
18crcjcbd3bscfpvznqfrj6
