2376K
246QJ
2497T
24T7K
24JAT
26TQ9
27438
285J7
28T4Q
28JK6
29QA4
2T483
2Q93T
2K45T
2K546
32J54
32JQT
34Q6J
35698
35J7T
3725J
37958
392AK
397K2
39Q42
3TK47
3J798
3JK4Q
3JA4K
3Q958
3Q9K7
3QA85
3A68T
423T5
4273K
4278A
42JT5
43T68
43AQT
47869
4836K
4897Q
492TQ
492AK
49T32
49J7T
4TA52
4J3TK
4JAK5
4Q6J8
4K75A
4K956
4KQ63
4A237
52A76
532A8
5438J
56TQ7
56J42
573A9
57TA2
5896A
58T43
594JT
5984T
5T6J2
5TQJ4
5TQK3
5TKA7
5J726
5Q2K9
5QK67
5K326
5K489
635J9
65482
658T7
678T9
69K73
6J427
6J578
6J823
6J8KT
6JK49
6QJ93
6QKT5
6A738
73642
7384T
738JQ
7468K
74TJ8
75Q2J
75AJ4
79285
79354
79654
79J82
79AKQ
7J459
7J62Q
7J62K
7J643
7Q25K
7A329
7A3K9
82749
832Q7
83T4J
8927A
893Q7
8TQ53
8A47K
924T6
925JK
926JA
92JAQ
9478K
947JQ
96AQ4
9765J
97QT2
97QJ2
97KA6
98T4Q
98K7T
9TJ64
9JTKQ
9Q726
9QJKA
9K27A
T287J
T465K
T46K2
T543J
T6372
T63JK
T7864
T7Q6A
T936A
T9K52
TJ9A2
TK82A
TK8A9
J39T7
J47K3
JT69K
JT7A6
JTQ72
JQ568
JK68A
JA467
JA5Q9
JAQT7
Q2475
Q2685
Q2748
Q29K6
Q2A65
Q38K5
Q5482
Q5892
Q593K
Q652K
Q7T82
Q7A4K
Q82J4
Q975T
Q9764
Q9JT6
QT642
QTA68
QA8J4
QAJ39
K4AJT
K532T
K5J4Q
K6T95
K6QT7
K7J84
K7JT4
K8J72
K9J8A
KTJ27
KJ839
KQJ25
KA263
KA934
KAT47
KAT63
A2563
A2639
A3J26
A4238
A4628
A5628
A5Q98
A624Q
A86K2
A8796
AT6Q9
AJ79K
AQ863
AK8Q4
AKJ5T
2243T
22683
228JK
22K53
23537
23949
23KKQ
24Q32
27445
27688
29TTJ
2J2K3
2JK24
2JK7J
2JAKA
2KKJA
3229T
336A2
35242
36835
38539
38J55
39545
3JKA3
3QA44
3K4QK
42556
44JT3
44JAT
44QJ3
4574Q
46365
46A4J
4TQ2T
4Q5TQ
4QJ88
4KT49
4A427
4ATTJ
4AATJ
559KJ
56J99
57JA5
5969Q
599A4
5T66A
5TKJ5
5J25T
5J677
5JJ62
5Q538
5K57A
5K844
5K9KJ
5A56K
5A6A4
5AKA7
62393
63J93
63K68
65TTJ
665T7
66TAJ
66QT9
675J6
67J7K
688JT
68TTJ
69TK9
6T9A9
6TTAK
6TKJT
6J624
6J63K
6J65Q
6J7T7
6J86K
6J8AJ
6JT4T
6QAQT
6K629
6K678
6KT88
6KK9J
6A654
6AJ26
72A24
739AA
7427J
7487Q
74AAK
76972
76K27
7748J
776J3
77T96
7837J
78J85
79467
7TAA8
7J22K
7J95J
7KQQ2
7A8K8
7AATJ
82384
83236
85952
85J8A
86K26
8TTA3
8J434
8JKJ5
8Q38J
8Q39Q
8A8T6
8AJ8T
94Q93
958K8
972AA
97T7J
98J9Q
994T5
994K8
99J2K
99Q63
9T3TJ
9J2J7
9J398
9J6QQ
9J882
9JTQJ
9QQ54
9QA9T
9K848
T2523
T4335
T442A
T4JJK
T5393
T552A
T558Q
T74JJ
T8332
TTJ48
TTJ63
TJ4T7
TJ7A7
TQJT8
TK2T3
TK85T
TA28A
TAT72
TAA63
J2279
J262K
J2Q82
J346J
J3J58
J3J6T
J43KJ
J443K
J5242
J5573
J6256
J6TJ8
J6Q3Q
J7898
J7KKQ
J8728
J9J7Q
JT2T7
JT8KK
JT9T7
JTKK4
JTAA5
JJ45A
JJ897
JJTQ5
JQ373
JQ3KQ
JK26K
JK55Q
JK6AA
JK8A8
JKK6Q
JKK93
JA338
JA727
JA774
JA96A
Q2253
Q23A2
Q362Q
Q44J2
Q4Q85
Q4KJK
Q727A
Q8225
Q866T
QTQ95
QJ38J
QJTT2
QQJ37
K3665
K3J5K
K4577
K4KT7
K75JK
K7796
K787Q
K7QAA
K8285
K898J
K8KQ5
KT3K8
KT77J
KJQ88
KKT78
KKJ9Q
KA69A
KAT4A
KAK87
A26J2
A2J24
A2A95
A2AQ6
A32JJ
A43A9
A46A8
A496A
A69J9
A7JQA
A8285
A8A6Q
AJ433
AJ53A
AQJTA
AA978
225KK
22AKK
22AA4
2332J
233A2
2772A
29295
29323
29729
29K92
2TK2K
2J288
2J2J5
2J992
2Q29Q
2Q2TQ
32Q3Q
3355J
33776
34KK4
35Q5Q
37Q37
3TJ3T
3J99J
3JTJ3
3QT3Q
3AQQ3
44KK6
455J4
45K45
4747T
4T499
4JJ4A
4QQ34
4K22K
4K24K
4K774
4KK33
4A664
4AKAK
52725
53252
53543
54548
55772
557A7
55992
55A3A
56568
57J75
57K5K
58484
599AA
5T5TJ
5TT5K
5TTQ5
5J52J
5J599
5QQ45
5A5JA
62K62
66559
667J7
66J55
66J88
67464
69692
69776
69868
69889
6Q62Q
6QQTT
6KK99
6A9A9
747J4
75785
772J2
7788J
79887
7TKK7
7JJT7
7JJA7
7K7QK
7K7K6
84AA8
86678
866AA
87667
878K7
8899J
88JTJ
88AQQ
89558
89AA9
8K83K
94797
9494J
95596
966Q9
99644
9T59T
9T9KK
9J9KK
9K955
9A33A
9A88A
T3366
T34T4
T35T3
T44T9
T66T7
T6T22
T733T
T7JT7
T88TJ
T8T28
T97T9
TT4KK
TT878
TTKKA
TJT22
TJTJK
TKQKT
TA3AT
TA6A6
TA99A
J272J
J3377
J339J
J33KJ
J3663
J3JTT
J4J4K
J5TJ5
J66J5
J6Q6Q
J737J
J7997
J7J72
J88KK
J99TT
JTTKK
JJ6Q6
JJAAK
JKJ4K
JKKJ8
JKKAA
JAATT
Q2QK2
Q6TT6
Q74Q4
Q7JQ7
Q7Q72
Q828Q
Q855Q
Q99JQ
QTT4Q
QK3KQ
QK55K
QKQ4K
K2255
K2K2J
K733K
K7AA7
K9977
KJK44
KK55J
KAKTA
KAKA8
KAA99
A52A2
A662A
A95A5
A992A
AJ8JA
AQ99Q
AQQ44
AQQ77
AKAK7
AAQ4Q
AAK22
22297
222TJ
222KT
22627
22A26
23339
24944
24999
282T2
2TTAT
2J272
32888
33235
333TA
333J6
333KJ
33537
33J38
33AK3
353K3
3555J
36444
3666K
37877
3888K
388A8
39222
3T999
3T9TT
3J3A3
3JAAA
3KKK2
3AA6A
42622
44342
4484J
44JQ4
499J9
4T222
4T448
4J222
4J4T4
4A447
53595
535T5
5558J
555J4
5565K
556Q5
55754
55T59
55J52
55A5T
56667
5666K
56999
58KKK
5T3TT
5TT7T
5A552
62252
6444K
65668
65669
66689
677A7
6T766
6J668
6QQQ8
6AATA
72666
7277K
73677
74778
74J77
75A55
7666Q
77572
7773T
777J6
777K9
77872
77Q57
77Q73
7T779
83488
83K33
85955
85T88
86K66
88785
88826
88836
889J8
88Q85
89488
8Q88A
8QQQA
8A878
8A8T8
8AA5A
92699
92K99
93J99
95777
997J9
99839
9T5TT
9J599
9J969
9K959
9KQ99
9KQKK
T23TT
T2TTQ
T2KTT
T3933
T3T6T
T4888
T5TT4
T6555
T66J6
T7776
T8TT5
T8TTQ
T96TT
TT4AT
TT92T
TTT52
TTT72
TTJ9T
TTKT8
TTA9T
TQJTT
TK777
TKQTT
TKKKQ
J333Q
J3888
J4442
J6662
J6J7J
J777Q
J8788
JJ4QJ
JQJ9J
JATTT
JAA2A
Q5666
Q6KQQ
Q777A
Q7797
Q7QJQ
Q7QAQ
Q8878
Q8QQJ
QJ6QQ
QJQQT
QQ3Q6
QQQ24
QQQ2J
QQQ9J
QAAA5
K22Q2
K3AKK
K4777
K4KK5
K5T55
K7KK4
K8488
K9997
K9J99
K9KK7
KT8KK
KTKK5
KQQ4Q
KQKK3
KK3K5
KK4QK
KKJK2
KKJK6
KKK72
KKKJ4
KKKAJ
A8AQA
AJAA4
AQAAT
AA43A
AA4QA
AA7A4
AAAJ5
222TT
22777
26266
27227
34433
34434
39993
3KKK3
42424
444TT
44555
44884
48884
4TT4T
4Q4QQ
4AA44
55QQ5
58558
5TT55
5QQ5Q
62622
64464
65565
65656
66333
66644
68688
6TT6T
75557
76677
77373
77755
777TT
777JJ
82822
88777
88822
888TT
89989
92922
93339
96966
98988
99555
99779
99J9J
9T9T9
9K99K
T6T66
T9TT9
TT77T
TKTKT
J33J3
J44J4
J555J
J6J66
J8JJ8
JTTTJ
JJ222
JJ888
JJTTJ
JQQJQ
Q2Q22
Q333Q
Q7Q77
Q7QQ7
Q888Q
QQ6Q6
QQQ99
QKQQK
K2K2K
K33K3
K66K6
KTKTK
KJJKK
KKQQK
KKK88
A3A3A
A4A4A
A555A
A88A8
A99AA
AQAQA
AKAKK
AA88A
AAJJA
AAQQQ
AAATT
22226
22232
22252
22272
22292
222J2
222Q2
23333
28888
3333Q
3333K
33353
33J33
39999
3T333
42444
44447
4444Q
44644
44844
47777
4J444
4KKKK
54444
55455
5555J
55575
555Q5
55655
5K555
5AAAA
62666
63333
66466
66663
66667
6666J
66866
6T666
6TTTT
72777
77577
7777Q
7777A
777T7
77977
77K77
82222
88488
88887
8888T
888J8
8Q888
8A888
95999
98999
99299
99699
9999T
999Q9
T2222
TT4TT
TT8TT
TTTT3
TTTTJ
TTATT
TQQQQ
TKTTT
J7777
J9999
JJJJ8
Q4QQQ
Q6666
Q6QQQ
Q9QQQ
QQJQQ
QQQQ5
QQQKQ
K6KKK
K7KKK
K8888
K9999
KJKKK
KK9KK
KKTKK
KKQKK
KKKK8
KKAKK
KAAAA
A3333
AJAAA
AA3AA
AA4AA
AA8AA
AAA7A
JJJJJ
