001 100605
002 100170
003 99961
004 99690
005 99466
006 99194
007 98972
008 98742
009 98529
010 98323
011 98119
012 97869
013 97595
014 97335
015 97088
016 96915
017 96703
018 96503
019 96299
020 96068
021 95855
022 95654
023 95434
024 95213
025 95002
026 94799
027 94591
028 94426
029 94288
030 94170
031 94045
032 93930
033 93870
034 93816
035 93766
036 93718
037 93668
038 93625
039 93583
040 93541
041 93475
042 93384
043 93271
044 93147
045 93036
046 92952
047 92898
048 92844
049 92753
050 92655
051 92577
052 92510
053 92435
054 92351
055 92273
056 92220
057 92179
058 92139
059 92088
060 92013
061 91904
062 91794
063 91707
064 91639
065 91581
066 91523
067 91453
068 91393
069 91326
070 91250
071 91174
072 91105
073 91019
074 90959
075 90916
076 90885
077 90849
078 90793
079 90724
080 90665
081 90611
082 90568
083 90535
084 90506
085 90470
086 90430
087 90374
088 90315
089 90254
090 90204
091 90188
092 90188
093 90197
094 90212
095 90217
096 90213
097 90200
098 90188
099 90177
100 90176
101 90182
102 90198
103 90211
104 90218
105 90212
106 90201
107 90187
108 90178
109 90175
110 90183
111 90197
112 90212
113 90217
114 90213
115 90200
116 90188
117 90177
118 90176
119 90182
120 90198
121 90211
122 90218
123 90212
124 90201
125 90187
126 90178
127 90175
128 90183
129 90197
130 90212
131 90217
132 90213
133 90200
134 90188
135 90177
136 90176
137 90182
138 90198
139 90211
140 90218
141 90212
142 90201
143 90187
144 90178
145 90175
146 90183
147 90197
148 90212
149 90217
150 90213
151 90200
152 90188
153 90177
154 90176
155 90182
156 90198
157 90211
158 90218
159 90212
160 90201
161 90187
162 90178
163 90175
164 90183
165 90197
166 90212
167 90217
168 90213
169 90200
170 90188
171 90177
172 90176
173 90182
174 90198
175 90211
176 90218
177 90212
178 90201
179 90187
180 90178
181 90175
182 90183
183 90197
184 90212
185 90217
186 90213
187 90200
188 90188
189 90177
190 90176
191 90182
192 90198
193 90211
194 90218
195 90212
196 90201
197 90187
198 90178
199 90175
